Flow report for ROB_top
Wed Apr 01 12:05:16 2020
Quartus Prime Version 19.1.0 Build 670 09/22/2019 SJ Lite Edition


---------------------
; Table of Contents ;
---------------------
  1. Legal Notice
  2. Flow Summary
  3. Flow Settings
  4. Flow Non-Default Global Settings
  5. Flow Elapsed Time
  6. Flow OS Summary
  7. Flow Log
  8. Flow Messages
  9. Flow Suppressed Messages



----------------
; Legal Notice ;
----------------
Copyright (C) 2019  Intel Corporation. All rights reserved.
Your use of Intel Corporation's design tools, logic functions 
and other software and tools, and any partner logic 
functions, and any output files from any of the foregoing 
(including device programming or simulation files), and any 
associated documentation or information are expressly subject 
to the terms and conditions of the Intel Program License 
Subscription Agreement, the Intel Quartus Prime License Agreement,
the Intel FPGA IP License Agreement, or other applicable license
agreement, including, without limitation, that your use is for
the sole purpose of programming logic devices manufactured by
Intel and sold by Intel or its authorized distributors.  Please
refer to the applicable agreement for further details, at
https://fpgasoftware.intel.com/eula.



+----------------------------------------------------------------------------------+
; Flow Summary                                                                     ;
+------------------------------------+---------------------------------------------+
; Flow Status                        ; Successful - Wed Apr 01 12:05:13 2020       ;
; Quartus Prime Version              ; 19.1.0 Build 670 09/22/2019 SJ Lite Edition ;
; Revision Name                      ; ROB_top                                     ;
; Top-level Entity Name              ; ROB_top                                     ;
; Family                             ; Cyclone IV E                                ;
; Total logic elements               ; 224 / 6,272 ( 4 % )                         ;
;     Total combinational functions  ; 160 / 6,272 ( 3 % )                         ;
;     Dedicated logic registers      ; 144 / 6,272 ( 2 % )                         ;
; Total registers                    ; 159                                         ;
; Total pins                         ; 126 / 180 ( 70 % )                          ;
; Total virtual pins                 ; 0                                           ;
; Total memory bits                  ; 720 / 276,480 ( < 1 % )                     ;
; Embedded Multiplier 9-bit elements ; 0 / 30 ( 0 % )                              ;
; Total PLLs                         ; 0 / 2 ( 0 % )                               ;
; Device                             ; EP4CE6F17C6                                 ;
; Timing Models                      ; Final                                       ;
+------------------------------------+---------------------------------------------+


+-----------------------------------------+
; Flow Settings                           ;
+-------------------+---------------------+
; Option            ; Setting             ;
+-------------------+---------------------+
; Start date & time ; 04/01/2020 12:04:55 ;
; Main task         ; Compilation         ;
; Revision Name     ; ROB_top             ;
+-------------------+---------------------+


+-------------------------------------------------------------------------------------------------------------------------+
; Flow Non-Default Global Settings                                                                                        ;
+-------------------------------------+----------------------------------------+---------------+-------------+------------+
; Assignment Name                     ; Value                                  ; Default Value ; Entity Name ; Section Id ;
+-------------------------------------+----------------------------------------+---------------+-------------+------------+
; COMPILER_SIGNATURE_ID               ; 1099101478569.158573189409412          ; --            ; --          ; --         ;
; MISC_FILE                           ; my_pll.ppf                             ; --            ; --          ; --         ;
; PARTITION_COLOR                     ; -- (Not supported for targeted family) ; --            ; --          ; Top        ;
; PARTITION_FITTER_PRESERVATION_LEVEL ; -- (Not supported for targeted family) ; --            ; --          ; Top        ;
; PARTITION_NETLIST_TYPE              ; -- (Not supported for targeted family) ; --            ; --          ; Top        ;
+-------------------------------------+----------------------------------------+---------------+-------------+------------+


+--------------------------------------------------------------------------------------------------------------------------+
; Flow Elapsed Time                                                                                                        ;
+----------------------+--------------+-------------------------+---------------------+------------------------------------+
; Module Name          ; Elapsed Time ; Average Processors Used ; Peak Virtual Memory ; Total CPU Time (on all processors) ;
+----------------------+--------------+-------------------------+---------------------+------------------------------------+
; Analysis & Synthesis ; 00:00:08     ; 1.0                     ; 705 MB              ; 00:00:25                           ;
; Fitter               ; 00:00:07     ; 1.1                     ; 2287 MB             ; 00:00:09                           ;
; Assembler            ; 00:00:01     ; 1.0                     ; 552 MB              ; 00:00:01                           ;
; Timing Analyzer      ; 00:00:02     ; 1.3                     ; 781 MB              ; 00:00:02                           ;
; Total                ; 00:00:18     ; --                      ; --                  ; 00:00:37                           ;
+----------------------+--------------+-------------------------+---------------------+------------------------------------+


+-----------------------------------------------------------------------------------+
; Flow OS Summary                                                                   ;
+----------------------+------------------+-----------+------------+----------------+
; Module Name          ; Machine Hostname ; OS Name   ; OS Version ; Processor type ;
+----------------------+------------------+-----------+------------+----------------+
; Analysis & Synthesis ; NAS              ; Windows 7 ; 6.1        ; x86_64         ;
; Fitter               ; NAS              ; Windows 7 ; 6.1        ; x86_64         ;
; Assembler            ; NAS              ; Windows 7 ; 6.1        ; x86_64         ;
; Timing Analyzer      ; NAS              ; Windows 7 ; 6.1        ; x86_64         ;
+----------------------+------------------+-----------+------------+----------------+


------------
; Flow Log ;
------------
quartus_map --read_settings_files=on --write_settings_files=off ROB_top -c ROB_top
quartus_fit --read_settings_files=off --write_settings_files=off ROB_top -c ROB_top
quartus_asm --read_settings_files=off --write_settings_files=off ROB_top -c ROB_top
quartus_sta ROB_top -c ROB_top



