Analysis & Synthesis report for ROB_top
Thu Apr 02 19:31:21 2020
Quartus Prime Version 19.1.0 Build 670 09/22/2019 SJ Lite Edition


---------------------
; Table of Contents ;
---------------------
  1. Legal Notice
  2. Analysis & Synthesis Summary
  3. Analysis & Synthesis Settings
  4. Parallel Compilation
  5. Analysis & Synthesis Source Files Read
  6. Analysis & Synthesis Resource Usage Summary
  7. Analysis & Synthesis Resource Utilization by Entity
  8. Analysis & Synthesis RAM Summary
  9. Registers Removed During Synthesis
 10. General Register Statistics
 11. Registers Added for RAM Pass-Through Logic
 12. Registers Packed Into Inferred Megafunctions
 13. Multiplexer Restructuring Statistics (Restructuring Performed)
 14. Source assignments for ROB:ROB|rmem:ROB_dmem|altsyncram:ram_cell_rtl_0|altsyncram_vrd1:auto_generated
 15. Source assignments for ROB:ROB|rmem:ROB_pmem|altsyncram:ram_cell_rtl_0|altsyncram_trd1:auto_generated
 16. Parameter Settings for User Entity Instance: ROB:ROB
 17. Parameter Settings for User Entity Instance: ROB:ROB|rmem:ROB_pmem
 18. Parameter Settings for User Entity Instance: ROB:ROB|rmem:ROB_dmem
 19. Parameter Settings for Inferred Entity Instance: ROB:ROB|rmem:ROB_dmem|altsyncram:ram_cell_rtl_0
 20. Parameter Settings for Inferred Entity Instance: ROB:ROB|rmem:ROB_pmem|altsyncram:ram_cell_rtl_0
 21. altsyncram Parameter Settings by Entity Instance
 22. Post-Synthesis Netlist Statistics for Top Partition
 23. Elapsed Time Per Partition
 24. Analysis & Synthesis Messages



----------------
; Legal Notice ;
----------------
Copyright (C) 2019  Intel Corporation. All rights reserved.
Your use of Intel Corporation's design tools, logic functions 
and other software and tools, and any partner logic 
functions, and any output files from any of the foregoing 
(including device programming or simulation files), and any 
associated documentation or information are expressly subject 
to the terms and conditions of the Intel Program License 
Subscription Agreement, the Intel Quartus Prime License Agreement,
the Intel FPGA IP License Agreement, or other applicable license
agreement, including, without limitation, that your use is for
the sole purpose of programming logic devices manufactured by
Intel and sold by Intel or its authorized distributors.  Please
refer to the applicable agreement for further details, at
https://fpgasoftware.intel.com/eula.



+----------------------------------------------------------------------------------+
; Analysis & Synthesis Summary                                                     ;
+------------------------------------+---------------------------------------------+
; Analysis & Synthesis Status        ; Successful - Thu Apr 02 19:31:21 2020       ;
; Quartus Prime Version              ; 19.1.0 Build 670 09/22/2019 SJ Lite Edition ;
; Revision Name                      ; ROB_top                                     ;
; Top-level Entity Name              ; ROB_top                                     ;
; Family                             ; Cyclone IV E                                ;
; Total logic elements               ; 236                                         ;
;     Total combinational functions  ; 159                                         ;
;     Dedicated logic registers      ; 159                                         ;
; Total registers                    ; 159                                         ;
; Total pins                         ; 1                                           ;
; Total virtual pins                 ; 125                                         ;
; Total memory bits                  ; 720                                         ;
; Embedded Multiplier 9-bit elements ; 0                                           ;
; Total PLLs                         ; 0                                           ;
+------------------------------------+---------------------------------------------+


+------------------------------------------------------------------------------------------------------------+
; Analysis & Synthesis Settings                                                                              ;
+------------------------------------------------------------------+--------------------+--------------------+
; Option                                                           ; Setting            ; Default Value      ;
+------------------------------------------------------------------+--------------------+--------------------+
; Device                                                           ; EP4CE115F29C7      ;                    ;
; Top-level entity name                                            ; ROB_top            ; ROB_top            ;
; Family name                                                      ; Cyclone IV E       ; Cyclone V          ;
; Use smart compilation                                            ; Off                ; Off                ;
; Enable parallel Assembler and Timing Analyzer during compilation ; On                 ; On                 ;
; Enable compact report table                                      ; Off                ; Off                ;
; Restructure Multiplexers                                         ; Auto               ; Auto               ;
; Create Debugging Nodes for IP Cores                              ; Off                ; Off                ;
; Preserve fewer node names                                        ; On                 ; On                 ;
; Intel FPGA IP Evaluation Mode                                    ; Enable             ; Enable             ;
; Verilog Version                                                  ; Verilog_2001       ; Verilog_2001       ;
; VHDL Version                                                     ; VHDL_1993          ; VHDL_1993          ;
; State Machine Processing                                         ; Auto               ; Auto               ;
; Safe State Machine                                               ; Off                ; Off                ;
; Extract Verilog State Machines                                   ; On                 ; On                 ;
; Extract VHDL State Machines                                      ; On                 ; On                 ;
; Ignore Verilog initial constructs                                ; Off                ; Off                ;
; Iteration limit for constant Verilog loops                       ; 5000               ; 5000               ;
; Iteration limit for non-constant Verilog loops                   ; 250                ; 250                ;
; Add Pass-Through Logic to Inferred RAMs                          ; On                 ; On                 ;
; Infer RAMs from Raw Logic                                        ; On                 ; On                 ;
; Parallel Synthesis                                               ; On                 ; On                 ;
; DSP Block Balancing                                              ; Auto               ; Auto               ;
; NOT Gate Push-Back                                               ; On                 ; On                 ;
; Power-Up Don't Care                                              ; On                 ; On                 ;
; Remove Redundant Logic Cells                                     ; Off                ; Off                ;
; Remove Duplicate Registers                                       ; On                 ; On                 ;
; Ignore CARRY Buffers                                             ; Off                ; Off                ;
; Ignore CASCADE Buffers                                           ; Off                ; Off                ;
; Ignore GLOBAL Buffers                                            ; Off                ; Off                ;
; Ignore ROW GLOBAL Buffers                                        ; Off                ; Off                ;
; Ignore LCELL Buffers                                             ; Off                ; Off                ;
; Ignore SOFT Buffers                                              ; On                 ; On                 ;
; Limit AHDL Integers to 32 Bits                                   ; Off                ; Off                ;
; Optimization Technique                                           ; Balanced           ; Balanced           ;
; Carry Chain Length                                               ; 70                 ; 70                 ;
; Auto Carry Chains                                                ; On                 ; On                 ;
; Auto Open-Drain Pins                                             ; On                 ; On                 ;
; Perform WYSIWYG Primitive Resynthesis                            ; Off                ; Off                ;
; Auto ROM Replacement                                             ; On                 ; On                 ;
; Auto RAM Replacement                                             ; On                 ; On                 ;
; Auto DSP Block Replacement                                       ; On                 ; On                 ;
; Auto Shift Register Replacement                                  ; Auto               ; Auto               ;
; Allow Shift Register Merging across Hierarchies                  ; Auto               ; Auto               ;
; Auto Clock Enable Replacement                                    ; On                 ; On                 ;
; Strict RAM Replacement                                           ; Off                ; Off                ;
; Allow Synchronous Control Signals                                ; On                 ; On                 ;
; Force Use of Synchronous Clear Signals                           ; Off                ; Off                ;
; Auto RAM Block Balancing                                         ; On                 ; On                 ;
; Auto RAM to Logic Cell Conversion                                ; Off                ; Off                ;
; Auto Resource Sharing                                            ; Off                ; Off                ;
; Allow Any RAM Size For Recognition                               ; Off                ; Off                ;
; Allow Any ROM Size For Recognition                               ; Off                ; Off                ;
; Allow Any Shift Register Size For Recognition                    ; Off                ; Off                ;
; Use LogicLock Constraints during Resource Balancing              ; On                 ; On                 ;
; Ignore translate_off and synthesis_off directives                ; Off                ; Off                ;
; Timing-Driven Synthesis                                          ; On                 ; On                 ;
; Report Parameter Settings                                        ; On                 ; On                 ;
; Report Source Assignments                                        ; On                 ; On                 ;
; Report Connectivity Checks                                       ; On                 ; On                 ;
; Ignore Maximum Fan-Out Assignments                               ; Off                ; Off                ;
; Synchronization Register Chain Length                            ; 2                  ; 2                  ;
; Power Optimization During Synthesis                              ; Normal compilation ; Normal compilation ;
; HDL message level                                                ; Level2             ; Level2             ;
; Suppress Register Optimization Related Messages                  ; Off                ; Off                ;
; Number of Removed Registers Reported in Synthesis Report         ; 5000               ; 5000               ;
; Number of Swept Nodes Reported in Synthesis Report               ; 5000               ; 5000               ;
; Number of Inverted Registers Reported in Synthesis Report        ; 100                ; 100                ;
; Clock MUX Protection                                             ; On                 ; On                 ;
; Auto Gated Clock Conversion                                      ; Off                ; Off                ;
; Block Design Naming                                              ; Auto               ; Auto               ;
; SDC constraint protection                                        ; Off                ; Off                ;
; Synthesis Effort                                                 ; Auto               ; Auto               ;
; Shift Register Replacement - Allow Asynchronous Clear Signal     ; On                 ; On                 ;
; Pre-Mapping Resynthesis Optimization                             ; Off                ; Off                ;
; Analysis & Synthesis Message Level                               ; Medium             ; Medium             ;
; Disable Register Merging Across Hierarchies                      ; Auto               ; Auto               ;
; Resource Aware Inference For Block RAM                           ; On                 ; On                 ;
+------------------------------------------------------------------+--------------------+--------------------+


+------------------------------------------+
; Parallel Compilation                     ;
+----------------------------+-------------+
; Processors                 ; Number      ;
+----------------------------+-------------+
; Number detected on machine ; 16          ;
; Maximum allowed            ; 16          ;
;                            ;             ;
; Average used               ; 1.00        ;
; Maximum used               ; 16          ;
;                            ;             ;
; Usage by Processor         ; % Time Used ;
;     Processor 1            ; 100.0%      ;
;     Processors 2-16        ;   0.0%      ;
+----------------------------+-------------+


+----------------------------------------------------------------------------------------------------------------------------------------------------------------------------+
; Analysis & Synthesis Source Files Read                                                                                                                                     ;
+----------------------------------+-----------------+------------------------------+------------------------------------------------------------------------------+---------+
; File Name with User-Entered Path ; Used in Netlist ; File Type                    ; File Name with Absolute Path                                                 ; Library ;
+----------------------------------+-----------------+------------------------------+------------------------------------------------------------------------------+---------+
; ../phys/ROB_top.sv               ; yes             ; User SystemVerilog HDL File  ; F:/Nikita/Labs/ROB/phys/ROB_top.sv                                           ;         ;
; ../RTL/ROB.sv                    ; yes             ; User SystemVerilog HDL File  ; F:/Nikita/Labs/ROB/RTL/ROB.sv                                                ;         ;
; ../RTL/rmem.v                    ; yes             ; Auto-Found Verilog HDL File  ; F:/Nikita/Labs/ROB/RTL/rmem.v                                                ;         ;
; altsyncram.tdf                   ; yes             ; Megafunction                 ; c:/intelfpga_lite/19.1/quartus/libraries/megafunctions/altsyncram.tdf        ;         ;
; stratix_ram_block.inc            ; yes             ; Megafunction                 ; c:/intelfpga_lite/19.1/quartus/libraries/megafunctions/stratix_ram_block.inc ;         ;
; lpm_mux.inc                      ; yes             ; Megafunction                 ; c:/intelfpga_lite/19.1/quartus/libraries/megafunctions/lpm_mux.inc           ;         ;
; lpm_decode.inc                   ; yes             ; Megafunction                 ; c:/intelfpga_lite/19.1/quartus/libraries/megafunctions/lpm_decode.inc        ;         ;
; aglobal191.inc                   ; yes             ; Megafunction                 ; c:/intelfpga_lite/19.1/quartus/libraries/megafunctions/aglobal191.inc        ;         ;
; a_rdenreg.inc                    ; yes             ; Megafunction                 ; c:/intelfpga_lite/19.1/quartus/libraries/megafunctions/a_rdenreg.inc         ;         ;
; altrom.inc                       ; yes             ; Megafunction                 ; c:/intelfpga_lite/19.1/quartus/libraries/megafunctions/altrom.inc            ;         ;
; altram.inc                       ; yes             ; Megafunction                 ; c:/intelfpga_lite/19.1/quartus/libraries/megafunctions/altram.inc            ;         ;
; altdpram.inc                     ; yes             ; Megafunction                 ; c:/intelfpga_lite/19.1/quartus/libraries/megafunctions/altdpram.inc          ;         ;
; db/altsyncram_vrd1.tdf           ; yes             ; Auto-Generated Megafunction  ; F:/Nikita/Labs/ROB/quartus_prj/db/altsyncram_vrd1.tdf                        ;         ;
; db/altsyncram_trd1.tdf           ; yes             ; Auto-Generated Megafunction  ; F:/Nikita/Labs/ROB/quartus_prj/db/altsyncram_trd1.tdf                        ;         ;
+----------------------------------+-----------------+------------------------------+------------------------------------------------------------------------------+---------+


+-------------------------------------------------------------+
; Analysis & Synthesis Resource Usage Summary                 ;
+---------------------------------------------+---------------+
; Resource                                    ; Usage         ;
+---------------------------------------------+---------------+
; Estimated Total logic elements              ; 236           ;
;                                             ;               ;
; Total combinational functions               ; 159           ;
; Logic element usage by number of LUT inputs ;               ;
;     -- 4 input functions                    ; 77            ;
;     -- 3 input functions                    ; 56            ;
;     -- <=2 input functions                  ; 26            ;
;                                             ;               ;
; Logic elements by mode                      ;               ;
;     -- normal mode                          ; 159           ;
;     -- arithmetic mode                      ; 0             ;
;                                             ;               ;
; Total registers                             ; 159           ;
;     -- Dedicated logic registers            ; 159           ;
;     -- I/O registers                        ; 0             ;
;                                             ;               ;
; Virtual pins                                ; 125           ;
; I/O pins                                    ; 1             ;
; Total memory bits                           ; 720           ;
;                                             ;               ;
; Embedded Multiplier 9-bit elements          ; 0             ;
;                                             ;               ;
; Maximum fan-out node                        ; pin_clk~input ;
; Maximum fan-out                             ; 204           ;
; Total fan-out                               ; 1539          ;
; Average fan-out                             ; 3.14          ;
+---------------------------------------------+---------------+


+----------------------------------------------------------------------------------------------------------------------------------------------------------------------------------------------------------------------------------------------------------------------------------------------------+
; Analysis & Synthesis Resource Utilization by Entity                                                                                                                                                                                                                                                ;
+----------------------------------------------+---------------------+---------------------------+-------------+--------------+---------+-----------+------+--------------+-----------------------------------------------------------------------------------------+-----------------+--------------+
; Compilation Hierarchy Node                   ; Combinational ALUTs ; Dedicated Logic Registers ; Memory Bits ; DSP Elements ; DSP 9x9 ; DSP 18x18 ; Pins ; Virtual Pins ; Full Hierarchy Name                                                                     ; Entity Name     ; Library Name ;
+----------------------------------------------+---------------------+---------------------------+-------------+--------------+---------+-----------+------+--------------+-----------------------------------------------------------------------------------------+-----------------+--------------+
; |ROB_top                                     ; 159 (0)             ; 159 (0)                   ; 720         ; 0            ; 0       ; 0         ; 1    ; 125          ; |ROB_top                                                                                ; ROB_top         ; work         ;
;    |ROB:ROB|                                 ; 159 (108)           ; 159 (96)                  ; 720         ; 0            ; 0       ; 0         ; 0    ; 0            ; |ROB_top|ROB:ROB                                                                        ; ROB             ; work         ;
;       |rmem:ROB_dmem|                        ; 35 (35)             ; 41 (41)                   ; 512         ; 0            ; 0       ; 0         ; 0    ; 0            ; |ROB_top|ROB:ROB|rmem:ROB_dmem                                                          ; rmem            ; work         ;
;          |altsyncram:ram_cell_rtl_0|         ; 0 (0)               ; 0 (0)                     ; 512         ; 0            ; 0       ; 0         ; 0    ; 0            ; |ROB_top|ROB:ROB|rmem:ROB_dmem|altsyncram:ram_cell_rtl_0                                ; altsyncram      ; work         ;
;             |altsyncram_vrd1:auto_generated| ; 0 (0)               ; 0 (0)                     ; 512         ; 0            ; 0       ; 0         ; 0    ; 0            ; |ROB_top|ROB:ROB|rmem:ROB_dmem|altsyncram:ram_cell_rtl_0|altsyncram_vrd1:auto_generated ; altsyncram_vrd1 ; work         ;
;       |rmem:ROB_pmem|                        ; 16 (16)             ; 22 (22)                   ; 208         ; 0            ; 0       ; 0         ; 0    ; 0            ; |ROB_top|ROB:ROB|rmem:ROB_pmem                                                          ; rmem            ; work         ;
;          |altsyncram:ram_cell_rtl_0|         ; 0 (0)               ; 0 (0)                     ; 208         ; 0            ; 0       ; 0         ; 0    ; 0            ; |ROB_top|ROB:ROB|rmem:ROB_pmem|altsyncram:ram_cell_rtl_0                                ; altsyncram      ; work         ;
;             |altsyncram_trd1:auto_generated| ; 0 (0)               ; 0 (0)                     ; 208         ; 0            ; 0       ; 0         ; 0    ; 0            ; |ROB_top|ROB:ROB|rmem:ROB_pmem|altsyncram:ram_cell_rtl_0|altsyncram_trd1:auto_generated ; altsyncram_trd1 ; work         ;
+----------------------------------------------+---------------------+---------------------------+-------------+--------------+---------+-----------+------+--------------+-----------------------------------------------------------------------------------------+-----------------+--------------+
Note: For table entries with two numbers listed, the numbers in parentheses indicate the number of resources of the given type used by the specific entity alone. The numbers listed outside of parentheses indicate the total resources of the given type used by the specific entity and all of its sub-entities in the hierarchy.


+-----------------------------------------------------------------------------------------------------------------------------------------------------------------------------------------------+
; Analysis & Synthesis RAM Summary                                                                                                                                                              ;
+-------------------------------------------------------------------------------------------+------+------------------+--------------+--------------+--------------+--------------+------+------+
; Name                                                                                      ; Type ; Mode             ; Port A Depth ; Port A Width ; Port B Depth ; Port B Width ; Size ; MIF  ;
+-------------------------------------------------------------------------------------------+------+------------------+--------------+--------------+--------------+--------------+------+------+
; ROB:ROB|rmem:ROB_dmem|altsyncram:ram_cell_rtl_0|altsyncram_vrd1:auto_generated|ALTSYNCRAM ; AUTO ; Simple Dual Port ; 16           ; 32           ; 16           ; 32           ; 512  ; None ;
; ROB:ROB|rmem:ROB_pmem|altsyncram:ram_cell_rtl_0|altsyncram_trd1:auto_generated|ALTSYNCRAM ; AUTO ; Simple Dual Port ; 16           ; 13           ; 16           ; 13           ; 208  ; None ;
+-------------------------------------------------------------------------------------------+------+------------------+--------------+--------------+--------------+--------------+------+------+


+-----------------------------------------------------------------------------------------+
; Registers Removed During Synthesis                                                      ;
+---------------------------------------+-------------------------------------------------+
; Register name                         ; Reason for Removal                              ;
+---------------------------------------+-------------------------------------------------+
; ROB:ROB|rmem:ROB_pmem|raddress_r[0]   ; Merged with ROB:ROB|rmem:ROB_dmem|raddress_r[0] ;
; ROB:ROB|rmem:ROB_pmem|raddress_r[1]   ; Merged with ROB:ROB|rmem:ROB_dmem|raddress_r[1] ;
; ROB:ROB|rmem:ROB_pmem|raddress_r[2]   ; Merged with ROB:ROB|rmem:ROB_dmem|raddress_r[2] ;
; ROB:ROB|rmem:ROB_pmem|raddress_r[3]   ; Merged with ROB:ROB|rmem:ROB_dmem|raddress_r[3] ;
; Total Number of Removed Registers = 4 ;                                                 ;
+---------------------------------------+-------------------------------------------------+


+------------------------------------------------------+
; General Register Statistics                          ;
+----------------------------------------------+-------+
; Statistic                                    ; Value ;
+----------------------------------------------+-------+
; Total registers                              ; 159   ;
; Number of registers using Synchronous Clear  ; 25    ;
; Number of registers using Synchronous Load   ; 1     ;
; Number of registers using Asynchronous Clear ; 0     ;
; Number of registers using Asynchronous Load  ; 0     ;
; Number of registers using Clock Enable       ; 65    ;
; Number of registers using Preset             ; 0     ;
+----------------------------------------------+-------+


+----------------------------------------------------------------------------------------+
; Registers Added for RAM Pass-Through Logic                                             ;
+-------------------------------------------------+--------------------------------------+
; Register Name                                   ; RAM Name                             ;
+-------------------------------------------------+--------------------------------------+
; ROB:ROB|rmem:ROB_dmem|ram_cell_rtl_0_bypass[0]  ; ROB:ROB|rmem:ROB_dmem|ram_cell_rtl_0 ;
; ROB:ROB|rmem:ROB_dmem|ram_cell_rtl_0_bypass[1]  ; ROB:ROB|rmem:ROB_dmem|ram_cell_rtl_0 ;
; ROB:ROB|rmem:ROB_dmem|ram_cell_rtl_0_bypass[2]  ; ROB:ROB|rmem:ROB_dmem|ram_cell_rtl_0 ;
; ROB:ROB|rmem:ROB_dmem|ram_cell_rtl_0_bypass[3]  ; ROB:ROB|rmem:ROB_dmem|ram_cell_rtl_0 ;
; ROB:ROB|rmem:ROB_dmem|ram_cell_rtl_0_bypass[4]  ; ROB:ROB|rmem:ROB_dmem|ram_cell_rtl_0 ;
; ROB:ROB|rmem:ROB_dmem|ram_cell_rtl_0_bypass[5]  ; ROB:ROB|rmem:ROB_dmem|ram_cell_rtl_0 ;
; ROB:ROB|rmem:ROB_dmem|ram_cell_rtl_0_bypass[6]  ; ROB:ROB|rmem:ROB_dmem|ram_cell_rtl_0 ;
; ROB:ROB|rmem:ROB_dmem|ram_cell_rtl_0_bypass[7]  ; ROB:ROB|rmem:ROB_dmem|ram_cell_rtl_0 ;
; ROB:ROB|rmem:ROB_dmem|ram_cell_rtl_0_bypass[8]  ; ROB:ROB|rmem:ROB_dmem|ram_cell_rtl_0 ;
; ROB:ROB|rmem:ROB_dmem|ram_cell_rtl_0_bypass[9]  ; ROB:ROB|rmem:ROB_dmem|ram_cell_rtl_0 ;
; ROB:ROB|rmem:ROB_dmem|ram_cell_rtl_0_bypass[10] ; ROB:ROB|rmem:ROB_dmem|ram_cell_rtl_0 ;
; ROB:ROB|rmem:ROB_dmem|ram_cell_rtl_0_bypass[11] ; ROB:ROB|rmem:ROB_dmem|ram_cell_rtl_0 ;
; ROB:ROB|rmem:ROB_dmem|ram_cell_rtl_0_bypass[12] ; ROB:ROB|rmem:ROB_dmem|ram_cell_rtl_0 ;
; ROB:ROB|rmem:ROB_dmem|ram_cell_rtl_0_bypass[13] ; ROB:ROB|rmem:ROB_dmem|ram_cell_rtl_0 ;
; ROB:ROB|rmem:ROB_dmem|ram_cell_rtl_0_bypass[14] ; ROB:ROB|rmem:ROB_dmem|ram_cell_rtl_0 ;
; ROB:ROB|rmem:ROB_dmem|ram_cell_rtl_0_bypass[15] ; ROB:ROB|rmem:ROB_dmem|ram_cell_rtl_0 ;
; ROB:ROB|rmem:ROB_dmem|ram_cell_rtl_0_bypass[16] ; ROB:ROB|rmem:ROB_dmem|ram_cell_rtl_0 ;
; ROB:ROB|rmem:ROB_dmem|ram_cell_rtl_0_bypass[17] ; ROB:ROB|rmem:ROB_dmem|ram_cell_rtl_0 ;
; ROB:ROB|rmem:ROB_dmem|ram_cell_rtl_0_bypass[18] ; ROB:ROB|rmem:ROB_dmem|ram_cell_rtl_0 ;
; ROB:ROB|rmem:ROB_dmem|ram_cell_rtl_0_bypass[19] ; ROB:ROB|rmem:ROB_dmem|ram_cell_rtl_0 ;
; ROB:ROB|rmem:ROB_dmem|ram_cell_rtl_0_bypass[20] ; ROB:ROB|rmem:ROB_dmem|ram_cell_rtl_0 ;
; ROB:ROB|rmem:ROB_dmem|ram_cell_rtl_0_bypass[21] ; ROB:ROB|rmem:ROB_dmem|ram_cell_rtl_0 ;
; ROB:ROB|rmem:ROB_dmem|ram_cell_rtl_0_bypass[22] ; ROB:ROB|rmem:ROB_dmem|ram_cell_rtl_0 ;
; ROB:ROB|rmem:ROB_dmem|ram_cell_rtl_0_bypass[23] ; ROB:ROB|rmem:ROB_dmem|ram_cell_rtl_0 ;
; ROB:ROB|rmem:ROB_dmem|ram_cell_rtl_0_bypass[24] ; ROB:ROB|rmem:ROB_dmem|ram_cell_rtl_0 ;
; ROB:ROB|rmem:ROB_dmem|ram_cell_rtl_0_bypass[25] ; ROB:ROB|rmem:ROB_dmem|ram_cell_rtl_0 ;
; ROB:ROB|rmem:ROB_dmem|ram_cell_rtl_0_bypass[26] ; ROB:ROB|rmem:ROB_dmem|ram_cell_rtl_0 ;
; ROB:ROB|rmem:ROB_dmem|ram_cell_rtl_0_bypass[27] ; ROB:ROB|rmem:ROB_dmem|ram_cell_rtl_0 ;
; ROB:ROB|rmem:ROB_dmem|ram_cell_rtl_0_bypass[28] ; ROB:ROB|rmem:ROB_dmem|ram_cell_rtl_0 ;
; ROB:ROB|rmem:ROB_dmem|ram_cell_rtl_0_bypass[29] ; ROB:ROB|rmem:ROB_dmem|ram_cell_rtl_0 ;
; ROB:ROB|rmem:ROB_dmem|ram_cell_rtl_0_bypass[30] ; ROB:ROB|rmem:ROB_dmem|ram_cell_rtl_0 ;
; ROB:ROB|rmem:ROB_dmem|ram_cell_rtl_0_bypass[31] ; ROB:ROB|rmem:ROB_dmem|ram_cell_rtl_0 ;
; ROB:ROB|rmem:ROB_dmem|ram_cell_rtl_0_bypass[32] ; ROB:ROB|rmem:ROB_dmem|ram_cell_rtl_0 ;
; ROB:ROB|rmem:ROB_dmem|ram_cell_rtl_0_bypass[33] ; ROB:ROB|rmem:ROB_dmem|ram_cell_rtl_0 ;
; ROB:ROB|rmem:ROB_dmem|ram_cell_rtl_0_bypass[34] ; ROB:ROB|rmem:ROB_dmem|ram_cell_rtl_0 ;
; ROB:ROB|rmem:ROB_dmem|ram_cell_rtl_0_bypass[35] ; ROB:ROB|rmem:ROB_dmem|ram_cell_rtl_0 ;
; ROB:ROB|rmem:ROB_dmem|ram_cell_rtl_0_bypass[36] ; ROB:ROB|rmem:ROB_dmem|ram_cell_rtl_0 ;
; ROB:ROB|rmem:ROB_dmem|ram_cell_rtl_0_bypass[37] ; ROB:ROB|rmem:ROB_dmem|ram_cell_rtl_0 ;
; ROB:ROB|rmem:ROB_dmem|ram_cell_rtl_0_bypass[38] ; ROB:ROB|rmem:ROB_dmem|ram_cell_rtl_0 ;
; ROB:ROB|rmem:ROB_dmem|ram_cell_rtl_0_bypass[39] ; ROB:ROB|rmem:ROB_dmem|ram_cell_rtl_0 ;
; ROB:ROB|rmem:ROB_dmem|ram_cell_rtl_0_bypass[40] ; ROB:ROB|rmem:ROB_dmem|ram_cell_rtl_0 ;
; ROB:ROB|rmem:ROB_pmem|ram_cell_rtl_0_bypass[0]  ; ROB:ROB|rmem:ROB_pmem|ram_cell_rtl_0 ;
; ROB:ROB|rmem:ROB_pmem|ram_cell_rtl_0_bypass[1]  ; ROB:ROB|rmem:ROB_pmem|ram_cell_rtl_0 ;
; ROB:ROB|rmem:ROB_pmem|ram_cell_rtl_0_bypass[2]  ; ROB:ROB|rmem:ROB_pmem|ram_cell_rtl_0 ;
; ROB:ROB|rmem:ROB_pmem|ram_cell_rtl_0_bypass[3]  ; ROB:ROB|rmem:ROB_pmem|ram_cell_rtl_0 ;
; ROB:ROB|rmem:ROB_pmem|ram_cell_rtl_0_bypass[4]  ; ROB:ROB|rmem:ROB_pmem|ram_cell_rtl_0 ;
; ROB:ROB|rmem:ROB_pmem|ram_cell_rtl_0_bypass[5]  ; ROB:ROB|rmem:ROB_pmem|ram_cell_rtl_0 ;
; ROB:ROB|rmem:ROB_pmem|ram_cell_rtl_0_bypass[6]  ; ROB:ROB|rmem:ROB_pmem|ram_cell_rtl_0 ;
; ROB:ROB|rmem:ROB_pmem|ram_cell_rtl_0_bypass[7]  ; ROB:ROB|rmem:ROB_pmem|ram_cell_rtl_0 ;
; ROB:ROB|rmem:ROB_pmem|ram_cell_rtl_0_bypass[8]  ; ROB:ROB|rmem:ROB_pmem|ram_cell_rtl_0 ;
; ROB:ROB|rmem:ROB_pmem|ram_cell_rtl_0_bypass[9]  ; ROB:ROB|rmem:ROB_pmem|ram_cell_rtl_0 ;
; ROB:ROB|rmem:ROB_pmem|ram_cell_rtl_0_bypass[10] ; ROB:ROB|rmem:ROB_pmem|ram_cell_rtl_0 ;
; ROB:ROB|rmem:ROB_pmem|ram_cell_rtl_0_bypass[11] ; ROB:ROB|rmem:ROB_pmem|ram_cell_rtl_0 ;
; ROB:ROB|rmem:ROB_pmem|ram_cell_rtl_0_bypass[12] ; ROB:ROB|rmem:ROB_pmem|ram_cell_rtl_0 ;
; ROB:ROB|rmem:ROB_pmem|ram_cell_rtl_0_bypass[13] ; ROB:ROB|rmem:ROB_pmem|ram_cell_rtl_0 ;
; ROB:ROB|rmem:ROB_pmem|ram_cell_rtl_0_bypass[14] ; ROB:ROB|rmem:ROB_pmem|ram_cell_rtl_0 ;
; ROB:ROB|rmem:ROB_pmem|ram_cell_rtl_0_bypass[15] ; ROB:ROB|rmem:ROB_pmem|ram_cell_rtl_0 ;
; ROB:ROB|rmem:ROB_pmem|ram_cell_rtl_0_bypass[16] ; ROB:ROB|rmem:ROB_pmem|ram_cell_rtl_0 ;
; ROB:ROB|rmem:ROB_pmem|ram_cell_rtl_0_bypass[17] ; ROB:ROB|rmem:ROB_pmem|ram_cell_rtl_0 ;
; ROB:ROB|rmem:ROB_pmem|ram_cell_rtl_0_bypass[18] ; ROB:ROB|rmem:ROB_pmem|ram_cell_rtl_0 ;
; ROB:ROB|rmem:ROB_pmem|ram_cell_rtl_0_bypass[19] ; ROB:ROB|rmem:ROB_pmem|ram_cell_rtl_0 ;
; ROB:ROB|rmem:ROB_pmem|ram_cell_rtl_0_bypass[20] ; ROB:ROB|rmem:ROB_pmem|ram_cell_rtl_0 ;
; ROB:ROB|rmem:ROB_pmem|ram_cell_rtl_0_bypass[21] ; ROB:ROB|rmem:ROB_pmem|ram_cell_rtl_0 ;
+-------------------------------------------------+--------------------------------------+


+--------------------------------------------------------------------------------------+
; Registers Packed Into Inferred Megafunctions                                         ;
+----------------------------------------+--------------------------------------+------+
; Register Name                          ; Megafunction                         ; Type ;
+----------------------------------------+--------------------------------------+------+
; ROB:ROB|rmem:ROB_dmem|raddress_r[0..3] ; ROB:ROB|rmem:ROB_pmem|ram_cell_rtl_0 ; RAM  ;
+----------------------------------------+--------------------------------------+------+


+--------------------------------------------------------------------------------------------------------------------------------------------------+
; Multiplexer Restructuring Statistics (Restructuring Performed)                                                                                   ;
+--------------------+-----------+---------------+----------------------+------------------------+------------+------------------------------------+
; Multiplexer Inputs ; Bus Width ; Baseline Area ; Area if Restructured ; Saving if Restructured ; Registered ; Example Multiplexer Output         ;
+--------------------+-----------+---------------+----------------------+------------------------+------------+------------------------------------+
; 3:1                ; 4 bits    ; 8 LEs         ; 4 LEs                ; 4 LEs                  ; Yes        ; |ROB_top|ROB:ROB|ROB_get_ptr[3]    ;
; 3:1                ; 4 bits    ; 8 LEs         ; 4 LEs                ; 4 LEs                  ; Yes        ; |ROB_top|ROB:ROB|ROB_put_ptr[1]    ;
; 3:1                ; 4 bits    ; 8 LEs         ; 4 LEs                ; 4 LEs                  ; Yes        ; |ROB_top|ROB:ROB|ROB_rdy_st_ptr[2] ;
; 3:1                ; 4 bits    ; 8 LEs         ; 4 LEs                ; 4 LEs                  ; Yes        ; |ROB_top|ROB:ROB|ROB_rd_st_ptr[2]  ;
+--------------------+-----------+---------------+----------------------+------------------------+------------+------------------------------------+


+-------------------------------------------------------------------------------------------------------+
; Source assignments for ROB:ROB|rmem:ROB_dmem|altsyncram:ram_cell_rtl_0|altsyncram_vrd1:auto_generated ;
+---------------------------------+--------------------+------+-----------------------------------------+
; Assignment                      ; Value              ; From ; To                                      ;
+---------------------------------+--------------------+------+-----------------------------------------+
; OPTIMIZE_POWER_DURING_SYNTHESIS ; NORMAL_COMPILATION ; -    ; -                                       ;
+---------------------------------+--------------------+------+-----------------------------------------+


+-------------------------------------------------------------------------------------------------------+
; Source assignments for ROB:ROB|rmem:ROB_pmem|altsyncram:ram_cell_rtl_0|altsyncram_trd1:auto_generated ;
+---------------------------------+--------------------+------+-----------------------------------------+
; Assignment                      ; Value              ; From ; To                                      ;
+---------------------------------+--------------------+------+-----------------------------------------+
; OPTIMIZE_POWER_DURING_SYNTHESIS ; NORMAL_COMPILATION ; -    ; -                                       ;
+---------------------------------+--------------------+------+-----------------------------------------+


+------------------------------------------------------+
; Parameter Settings for User Entity Instance: ROB:ROB ;
+----------------+-------+-----------------------------+
; Parameter Name ; Value ; Type                        ;
+----------------+-------+-----------------------------+
; ROB_SIZE       ; 16    ; Signed Integer              ;
; SWIDTH         ; 4     ; Signed Integer              ;
; AWIDTH         ; 10    ; Signed Integer              ;
; DWIDTH         ; 32    ; Signed Integer              ;
; PWIDTH         ; 5     ; Signed Integer              ;
; IDWIDTH        ; 8     ; Signed Integer              ;
+----------------+-------+-----------------------------+
Note: In order to hide this table in the UI and the text report file, please set the "Show Parameter Settings in Synthesis Report" option in "Analysis and Synthesis Settings -> More Settings" to "Off".


+--------------------------------------------------------------------+
; Parameter Settings for User Entity Instance: ROB:ROB|rmem:ROB_pmem ;
+----------------+-------+-------------------------------------------+
; Parameter Name ; Value ; Type                                      ;
+----------------+-------+-------------------------------------------+
; depth          ; 16    ; Signed Integer                            ;
; awidth         ; 4     ; Signed Integer                            ;
; width          ; 13    ; Signed Integer                            ;
+----------------+-------+-------------------------------------------+
Note: In order to hide this table in the UI and the text report file, please set the "Show Parameter Settings in Synthesis Report" option in "Analysis and Synthesis Settings -> More Settings" to "Off".


+--------------------------------------------------------------------+
; Parameter Settings for User Entity Instance: ROB:ROB|rmem:ROB_dmem ;
+----------------+-------+-------------------------------------------+
; Parameter Name ; Value ; Type                                      ;
+----------------+-------+-------------------------------------------+
; depth          ; 16    ; Signed Integer                            ;
; awidth         ; 4     ; Signed Integer                            ;
; width          ; 32    ; Signed Integer                            ;
+----------------+-------+-------------------------------------------+
Note: In order to hide this table in the UI and the text report file, please set the "Show Parameter Settings in Synthesis Report" option in "Analysis and Synthesis Settings -> More Settings" to "Off".


+--------------------------------------------------------------------------------------------------+
; Parameter Settings for Inferred Entity Instance: ROB:ROB|rmem:ROB_dmem|altsyncram:ram_cell_rtl_0 ;
+------------------------------------+----------------------+--------------------------------------+
; Parameter Name                     ; Value                ; Type                                 ;
+------------------------------------+----------------------+--------------------------------------+
; BYTE_SIZE_BLOCK                    ; 8                    ; Untyped                              ;
; AUTO_CARRY_CHAINS                  ; ON                   ; AUTO_CARRY                           ;
; IGNORE_CARRY_BUFFERS               ; OFF                  ; IGNORE_CARRY                         ;
; AUTO_CASCADE_CHAINS                ; ON                   ; AUTO_CASCADE                         ;
; IGNORE_CASCADE_BUFFERS             ; OFF                  ; IGNORE_CASCADE                       ;
; WIDTH_BYTEENA                      ; 1                    ; Untyped                              ;
; OPERATION_MODE                     ; DUAL_PORT            ; Untyped                              ;
; WIDTH_A                            ; 32                   ; Untyped                              ;
; WIDTHAD_A                          ; 4                    ; Untyped                              ;
; NUMWORDS_A                         ; 16                   ; Untyped                              ;
; OUTDATA_REG_A                      ; UNREGISTERED         ; Untyped                              ;
; ADDRESS_ACLR_A                     ; NONE                 ; Untyped                              ;
; OUTDATA_ACLR_A                     ; NONE                 ; Untyped                              ;
; WRCONTROL_ACLR_A                   ; NONE                 ; Untyped                              ;
; INDATA_ACLR_A                      ; NONE                 ; Untyped                              ;
; BYTEENA_ACLR_A                     ; NONE                 ; Untyped                              ;
; WIDTH_B                            ; 32                   ; Untyped                              ;
; WIDTHAD_B                          ; 4                    ; Untyped                              ;
; NUMWORDS_B                         ; 16                   ; Untyped                              ;
; INDATA_REG_B                       ; CLOCK1               ; Untyped                              ;
; WRCONTROL_WRADDRESS_REG_B          ; CLOCK1               ; Untyped                              ;
; RDCONTROL_REG_B                    ; CLOCK1               ; Untyped                              ;
; ADDRESS_REG_B                      ; CLOCK0               ; Untyped                              ;
; OUTDATA_REG_B                      ; UNREGISTERED         ; Untyped                              ;
; BYTEENA_REG_B                      ; CLOCK1               ; Untyped                              ;
; INDATA_ACLR_B                      ; NONE                 ; Untyped                              ;
; WRCONTROL_ACLR_B                   ; NONE                 ; Untyped                              ;
; ADDRESS_ACLR_B                     ; NONE                 ; Untyped                              ;
; OUTDATA_ACLR_B                     ; NONE                 ; Untyped                              ;
; RDCONTROL_ACLR_B                   ; NONE                 ; Untyped                              ;
; BYTEENA_ACLR_B                     ; NONE                 ; Untyped                              ;
; WIDTH_BYTEENA_A                    ; 1                    ; Untyped                              ;
; WIDTH_BYTEENA_B                    ; 1                    ; Untyped                              ;
; RAM_BLOCK_TYPE                     ; AUTO                 ; Untyped                              ;
; BYTE_SIZE                          ; 8                    ; Untyped                              ;
; READ_DURING_WRITE_MODE_MIXED_PORTS ; DONT_CARE            ; Untyped                              ;
; READ_DURING_WRITE_MODE_PORT_A      ; NEW_DATA_NO_NBE_READ ; Untyped                              ;
; READ_DURING_WRITE_MODE_PORT_B      ; NEW_DATA_NO_NBE_READ ; Untyped                              ;
; INIT_FILE                          ; UNUSED               ; Untyped                              ;
; INIT_FILE_LAYOUT                   ; PORT_A               ; Untyped                              ;
; MAXIMUM_DEPTH                      ; 0                    ; Untyped                              ;
; CLOCK_ENABLE_INPUT_A               ; NORMAL               ; Untyped                              ;
; CLOCK_ENABLE_INPUT_B               ; NORMAL               ; Untyped                              ;
; CLOCK_ENABLE_OUTPUT_A              ; NORMAL               ; Untyped                              ;
; CLOCK_ENABLE_OUTPUT_B              ; NORMAL               ; Untyped                              ;
; CLOCK_ENABLE_CORE_A                ; USE_INPUT_CLKEN      ; Untyped                              ;
; CLOCK_ENABLE_CORE_B                ; USE_INPUT_CLKEN      ; Untyped                              ;
; ENABLE_ECC                         ; FALSE                ; Untyped                              ;
; ECC_PIPELINE_STAGE_ENABLED         ; FALSE                ; Untyped                              ;
; WIDTH_ECCSTATUS                    ; 3                    ; Untyped                              ;
; DEVICE_FAMILY                      ; Cyclone IV E         ; Untyped                              ;
; CBXI_PARAMETER                     ; altsyncram_vrd1      ; Untyped                              ;
+------------------------------------+----------------------+--------------------------------------+
Note: In order to hide this table in the UI and the text report file, please set the "Show Parameter Settings in Synthesis Report" option in "Analysis and Synthesis Settings -> More Settings" to "Off".


+--------------------------------------------------------------------------------------------------+
; Parameter Settings for Inferred Entity Instance: ROB:ROB|rmem:ROB_pmem|altsyncram:ram_cell_rtl_0 ;
+------------------------------------+----------------------+--------------------------------------+
; Parameter Name                     ; Value                ; Type                                 ;
+------------------------------------+----------------------+--------------------------------------+
; BYTE_SIZE_BLOCK                    ; 8                    ; Untyped                              ;
; AUTO_CARRY_CHAINS                  ; ON                   ; AUTO_CARRY                           ;
; IGNORE_CARRY_BUFFERS               ; OFF                  ; IGNORE_CARRY                         ;
; AUTO_CASCADE_CHAINS                ; ON                   ; AUTO_CASCADE                         ;
; IGNORE_CASCADE_BUFFERS             ; OFF                  ; IGNORE_CASCADE                       ;
; WIDTH_BYTEENA                      ; 1                    ; Untyped                              ;
; OPERATION_MODE                     ; DUAL_PORT            ; Untyped                              ;
; WIDTH_A                            ; 13                   ; Untyped                              ;
; WIDTHAD_A                          ; 4                    ; Untyped                              ;
; NUMWORDS_A                         ; 16                   ; Untyped                              ;
; OUTDATA_REG_A                      ; UNREGISTERED         ; Untyped                              ;
; ADDRESS_ACLR_A                     ; NONE                 ; Untyped                              ;
; OUTDATA_ACLR_A                     ; NONE                 ; Untyped                              ;
; WRCONTROL_ACLR_A                   ; NONE                 ; Untyped                              ;
; INDATA_ACLR_A                      ; NONE                 ; Untyped                              ;
; BYTEENA_ACLR_A                     ; NONE                 ; Untyped                              ;
; WIDTH_B                            ; 13                   ; Untyped                              ;
; WIDTHAD_B                          ; 4                    ; Untyped                              ;
; NUMWORDS_B                         ; 16                   ; Untyped                              ;
; INDATA_REG_B                       ; CLOCK1               ; Untyped                              ;
; WRCONTROL_WRADDRESS_REG_B          ; CLOCK1               ; Untyped                              ;
; RDCONTROL_REG_B                    ; CLOCK1               ; Untyped                              ;
; ADDRESS_REG_B                      ; CLOCK0               ; Untyped                              ;
; OUTDATA_REG_B                      ; UNREGISTERED         ; Untyped                              ;
; BYTEENA_REG_B                      ; CLOCK1               ; Untyped                              ;
; INDATA_ACLR_B                      ; NONE                 ; Untyped                              ;
; WRCONTROL_ACLR_B                   ; NONE                 ; Untyped                              ;
; ADDRESS_ACLR_B                     ; NONE                 ; Untyped                              ;
; OUTDATA_ACLR_B                     ; NONE                 ; Untyped                              ;
; RDCONTROL_ACLR_B                   ; NONE                 ; Untyped                              ;
; BYTEENA_ACLR_B                     ; NONE                 ; Untyped                              ;
; WIDTH_BYTEENA_A                    ; 1                    ; Untyped                              ;
; WIDTH_BYTEENA_B                    ; 1                    ; Untyped                              ;
; RAM_BLOCK_TYPE                     ; AUTO                 ; Untyped                              ;
; BYTE_SIZE                          ; 8                    ; Untyped                              ;
; READ_DURING_WRITE_MODE_MIXED_PORTS ; DONT_CARE            ; Untyped                              ;
; READ_DURING_WRITE_MODE_PORT_A      ; NEW_DATA_NO_NBE_READ ; Untyped                              ;
; READ_DURING_WRITE_MODE_PORT_B      ; NEW_DATA_NO_NBE_READ ; Untyped                              ;
; INIT_FILE                          ; UNUSED               ; Untyped                              ;
; INIT_FILE_LAYOUT                   ; PORT_A               ; Untyped                              ;
; MAXIMUM_DEPTH                      ; 0                    ; Untyped                              ;
; CLOCK_ENABLE_INPUT_A               ; NORMAL               ; Untyped                              ;
; CLOCK_ENABLE_INPUT_B               ; NORMAL               ; Untyped                              ;
; CLOCK_ENABLE_OUTPUT_A              ; NORMAL               ; Untyped                              ;
; CLOCK_ENABLE_OUTPUT_B              ; NORMAL               ; Untyped                              ;
; CLOCK_ENABLE_CORE_A                ; USE_INPUT_CLKEN      ; Untyped                              ;
; CLOCK_ENABLE_CORE_B                ; USE_INPUT_CLKEN      ; Untyped                              ;
; ENABLE_ECC                         ; FALSE                ; Untyped                              ;
; ECC_PIPELINE_STAGE_ENABLED         ; FALSE                ; Untyped                              ;
; WIDTH_ECCSTATUS                    ; 3                    ; Untyped                              ;
; DEVICE_FAMILY                      ; Cyclone IV E         ; Untyped                              ;
; CBXI_PARAMETER                     ; altsyncram_trd1      ; Untyped                              ;
+------------------------------------+----------------------+--------------------------------------+
Note: In order to hide this table in the UI and the text report file, please set the "Show Parameter Settings in Synthesis Report" option in "Analysis and Synthesis Settings -> More Settings" to "Off".


+---------------------------------------------------------------------------------------------+
; altsyncram Parameter Settings by Entity Instance                                            ;
+-------------------------------------------+-------------------------------------------------+
; Name                                      ; Value                                           ;
+-------------------------------------------+-------------------------------------------------+
; Number of entity instances                ; 2                                               ;
; Entity Instance                           ; ROB:ROB|rmem:ROB_dmem|altsyncram:ram_cell_rtl_0 ;
;     -- OPERATION_MODE                     ; DUAL_PORT                                       ;
;     -- WIDTH_A                            ; 32                                              ;
;     -- NUMWORDS_A                         ; 16                                              ;
;     -- OUTDATA_REG_A                      ; UNREGISTERED                                    ;
;     -- WIDTH_B                            ; 32                                              ;
;     -- NUMWORDS_B                         ; 16                                              ;
;     -- ADDRESS_REG_B                      ; CLOCK0                                          ;
;     -- OUTDATA_REG_B                      ; UNREGISTERED                                    ;
;     -- RAM_BLOCK_TYPE                     ; AUTO                                            ;
;     -- READ_DURING_WRITE_MODE_MIXED_PORTS ; DONT_CARE                                       ;
; Entity Instance                           ; ROB:ROB|rmem:ROB_pmem|altsyncram:ram_cell_rtl_0 ;
;     -- OPERATION_MODE                     ; DUAL_PORT                                       ;
;     -- WIDTH_A                            ; 13                                              ;
;     -- NUMWORDS_A                         ; 16                                              ;
;     -- OUTDATA_REG_A                      ; UNREGISTERED                                    ;
;     -- WIDTH_B                            ; 13                                              ;
;     -- NUMWORDS_B                         ; 16                                              ;
;     -- ADDRESS_REG_B                      ; CLOCK0                                          ;
;     -- OUTDATA_REG_B                      ; UNREGISTERED                                    ;
;     -- RAM_BLOCK_TYPE                     ; AUTO                                            ;
;     -- READ_DURING_WRITE_MODE_MIXED_PORTS ; DONT_CARE                                       ;
+-------------------------------------------+-------------------------------------------------+


+-----------------------------------------------------+
; Post-Synthesis Netlist Statistics for Top Partition ;
+-----------------------+-----------------------------+
; Type                  ; Count                       ;
+-----------------------+-----------------------------+
; boundary_port         ; 126                         ;
; cycloneiii_ff         ; 159                         ;
;     ENA               ; 59                          ;
;     ENA SCLR          ; 6                           ;
;     SCLR              ; 19                          ;
;     SLD               ; 1                           ;
;     plain             ; 74                          ;
; cycloneiii_lcell_comb ; 159                         ;
;     normal            ; 159                         ;
;         1 data inputs ; 1                           ;
;         2 data inputs ; 25                          ;
;         3 data inputs ; 56                          ;
;         4 data inputs ; 77                          ;
; cycloneiii_ram_block  ; 45                          ;
;                       ;                             ;
; Max LUT depth         ; 6.00                        ;
; Average LUT depth     ; 1.87                        ;
+-----------------------+-----------------------------+


+-------------------------------+
; Elapsed Time Per Partition    ;
+----------------+--------------+
; Partition Name ; Elapsed Time ;
+----------------+--------------+
; Top            ; 00:00:01     ;
+----------------+--------------+


+-------------------------------+
; Analysis & Synthesis Messages ;
+-------------------------------+
Info: *******************************************************************
Info: Running Quartus Prime Analysis & Synthesis
    Info: Version 19.1.0 Build 670 09/22/2019 SJ Lite Edition
    Info: Processing started: Thu Apr 02 19:31:12 2020
Info: Command: quartus_map --read_settings_files=on --write_settings_files=off ROB_top -c ROB_top
Warning (18236): Number of processors has not been specified which may cause overloading on shared machines.  Set the global assignment NUM_PARALLEL_PROCESSORS in your QSF to an appropriate value for best performance.
Info (20030): Parallel compilation is enabled and will use 16 of the 16 processors detected
Info (12021): Found 1 design units, including 1 entities, in source file /nikita/labs/rob/phys/rob_top.sv
    Info (12023): Found entity 1: ROB_top File: F:/Nikita/Labs/ROB/phys/ROB_top.sv Line: 10
Info (12021): Found 2 design units, including 2 entities, in source file /nikita/labs/rob/rtl/rob.sv
    Info (12023): Found entity 1: rmem File: F:/Nikita/Labs/ROB/RTL/rmem.v Line: 1
    Info (12023): Found entity 2: ROB File: F:/Nikita/Labs/ROB/RTL/ROB.sv Line: 7
Info (12021): Found 1 design units, including 1 entities, in source file my_pll.v
    Info (12023): Found entity 1: my_pll File: F:/Nikita/Labs/ROB/quartus_prj/my_pll.v Line: 40
Info (12127): Elaborating entity "ROB_top" for the top level hierarchy
Info (12128): Elaborating entity "ROB" for hierarchy "ROB:ROB" File: F:/Nikita/Labs/ROB/phys/ROB_top.sv Line: 87
Info (12128): Elaborating entity "rmem" for hierarchy "ROB:ROB|rmem:ROB_pmem" File: F:/Nikita/Labs/ROB/RTL/ROB.sv Line: 207
Info (12128): Elaborating entity "rmem" for hierarchy "ROB:ROB|rmem:ROB_dmem" File: F:/Nikita/Labs/ROB/RTL/ROB.sv Line: 221
Warning (276020): Inferred RAM node "ROB:ROB|rmem:ROB_dmem|ram_cell_rtl_0" from synchronous design logic.  Pass-through logic has been added to match the read-during-write behavior of the original design.
Warning (276020): Inferred RAM node "ROB:ROB|rmem:ROB_pmem|ram_cell_rtl_0" from synchronous design logic.  Pass-through logic has been added to match the read-during-write behavior of the original design.
Info (19000): Inferred 2 megafunctions from design logic
    Info (276029): Inferred altsyncram megafunction from the following design logic: "ROB:ROB|rmem:ROB_dmem|ram_cell_rtl_0" 
        Info (286033): Parameter OPERATION_MODE set to DUAL_PORT
        Info (286033): Parameter WIDTH_A set to 32
        Info (286033): Parameter WIDTHAD_A set to 4
        Info (286033): Parameter NUMWORDS_A set to 16
        Info (286033): Parameter WIDTH_B set to 32
        Info (286033): Parameter WIDTHAD_B set to 4
        Info (286033): Parameter NUMWORDS_B set to 16
        Info (286033): Parameter ADDRESS_ACLR_A set to NONE
        Info (286033): Parameter OUTDATA_REG_B set to UNREGISTERED
        Info (286033): Parameter ADDRESS_ACLR_B set to NONE
        Info (286033): Parameter OUTDATA_ACLR_B set to NONE
        Info (286033): Parameter ADDRESS_REG_B set to CLOCK0
        Info (286033): Parameter INDATA_ACLR_A set to NONE
        Info (286033): Parameter WRCONTROL_ACLR_A set to NONE
    Info (276029): Inferred altsyncram megafunction from the following design logic: "ROB:ROB|rmem:ROB_pmem|ram_cell_rtl_0" 
        Info (286033): Parameter OPERATION_MODE set to DUAL_PORT
        Info (286033): Parameter WIDTH_A set to 13
        Info (286033): Parameter WIDTHAD_A set to 4
        Info (286033): Parameter NUMWORDS_A set to 16
        Info (286033): Parameter WIDTH_B set to 13
        Info (286033): Parameter WIDTHAD_B set to 4
        Info (286033): Parameter NUMWORDS_B set to 16
        Info (286033): Parameter ADDRESS_ACLR_A set to NONE
        Info (286033): Parameter OUTDATA_REG_B set to UNREGISTERED
        Info (286033): Parameter ADDRESS_ACLR_B set to NONE
        Info (286033): Parameter OUTDATA_ACLR_B set to NONE
        Info (286033): Parameter ADDRESS_REG_B set to CLOCK0
        Info (286033): Parameter INDATA_ACLR_A set to NONE
        Info (286033): Parameter WRCONTROL_ACLR_A set to NONE
Info (12130): Elaborated megafunction instantiation "ROB:ROB|rmem:ROB_dmem|altsyncram:ram_cell_rtl_0"
Info (12133): Instantiated megafunction "ROB:ROB|rmem:ROB_dmem|altsyncram:ram_cell_rtl_0" with the following parameter:
    Info (12134): Parameter "OPERATION_MODE" = "DUAL_PORT"
    Info (12134): Parameter "WIDTH_A" = "32"
    Info (12134): Parameter "WIDTHAD_A" = "4"
    Info (12134): Parameter "NUMWORDS_A" = "16"
    Info (12134): Parameter "WIDTH_B" = "32"
    Info (12134): Parameter "WIDTHAD_B" = "4"
    Info (12134): Parameter "NUMWORDS_B" = "16"
    Info (12134): Parameter "ADDRESS_ACLR_A" = "NONE"
    Info (12134): Parameter "OUTDATA_REG_B" = "UNREGISTERED"
    Info (12134): Parameter "ADDRESS_ACLR_B" = "NONE"
    Info (12134): Parameter "OUTDATA_ACLR_B" = "NONE"
    Info (12134): Parameter "ADDRESS_REG_B" = "CLOCK0"
    Info (12134): Parameter "INDATA_ACLR_A" = "NONE"
    Info (12134): Parameter "WRCONTROL_ACLR_A" = "NONE"
Info (12021): Found 1 design units, including 1 entities, in source file db/altsyncram_vrd1.tdf
    Info (12023): Found entity 1: altsyncram_vrd1 File: F:/Nikita/Labs/ROB/quartus_prj/db/altsyncram_vrd1.tdf Line: 28
Info (12130): Elaborated megafunction instantiation "ROB:ROB|rmem:ROB_pmem|altsyncram:ram_cell_rtl_0"
Info (12133): Instantiated megafunction "ROB:ROB|rmem:ROB_pmem|altsyncram:ram_cell_rtl_0" with the following parameter:
    Info (12134): Parameter "OPERATION_MODE" = "DUAL_PORT"
    Info (12134): Parameter "WIDTH_A" = "13"
    Info (12134): Parameter "WIDTHAD_A" = "4"
    Info (12134): Parameter "NUMWORDS_A" = "16"
    Info (12134): Parameter "WIDTH_B" = "13"
    Info (12134): Parameter "WIDTHAD_B" = "4"
    Info (12134): Parameter "NUMWORDS_B" = "16"
    Info (12134): Parameter "ADDRESS_ACLR_A" = "NONE"
    Info (12134): Parameter "OUTDATA_REG_B" = "UNREGISTERED"
    Info (12134): Parameter "ADDRESS_ACLR_B" = "NONE"
    Info (12134): Parameter "OUTDATA_ACLR_B" = "NONE"
    Info (12134): Parameter "ADDRESS_REG_B" = "CLOCK0"
    Info (12134): Parameter "INDATA_ACLR_A" = "NONE"
    Info (12134): Parameter "WRCONTROL_ACLR_A" = "NONE"
Info (12021): Found 1 design units, including 1 entities, in source file db/altsyncram_trd1.tdf
    Info (12023): Found entity 1: altsyncram_trd1 File: F:/Nikita/Labs/ROB/quartus_prj/db/altsyncram_trd1.tdf Line: 28
Info (286030): Timing-Driven Synthesis is running
Info (16010): Generating hard_block partition "hard_block:auto_generated_inst"
    Info (16011): Adding 0 node(s), including 0 DDIO, 0 PLL, 0 transceiver and 0 LCELL
Info (15717): Design contains 125 virtual pins; timing numbers associated with paths containing virtual pins are estimates
    Info (15719): Pin "req_ready" is virtual output pin File: F:/Nikita/Labs/ROB/phys/ROB_top.sv Line: 18
    Info (15719): Pin "rsp_val" is virtual output pin File: F:/Nikita/Labs/ROB/phys/ROB_top.sv Line: 20
    Info (15719): Pin "rsp_data[0]" is virtual output pin File: F:/Nikita/Labs/ROB/phys/ROB_top.sv Line: 21
    Info (15719): Pin "rsp_data[1]" is virtual output pin File: F:/Nikita/Labs/ROB/phys/ROB_top.sv Line: 21
    Info (15719): Pin "rsp_data[2]" is virtual output pin File: F:/Nikita/Labs/ROB/phys/ROB_top.sv Line: 21
    Info (15719): Pin "rsp_data[3]" is virtual output pin File: F:/Nikita/Labs/ROB/phys/ROB_top.sv Line: 21
    Info (15719): Pin "rsp_data[4]" is virtual output pin File: F:/Nikita/Labs/ROB/phys/ROB_top.sv Line: 21
    Info (15719): Pin "rsp_data[5]" is virtual output pin File: F:/Nikita/Labs/ROB/phys/ROB_top.sv Line: 21
    Info (15719): Pin "rsp_data[6]" is virtual output pin File: F:/Nikita/Labs/ROB/phys/ROB_top.sv Line: 21
    Info (15719): Pin "rsp_data[7]" is virtual output pin File: F:/Nikita/Labs/ROB/phys/ROB_top.sv Line: 21
    Info (15719): Pin "rsp_data[8]" is virtual output pin File: F:/Nikita/Labs/ROB/phys/ROB_top.sv Line: 21
    Info (15719): Pin "rsp_data[9]" is virtual output pin File: F:/Nikita/Labs/ROB/phys/ROB_top.sv Line: 21
    Info (15719): Pin "rsp_data[10]" is virtual output pin File: F:/Nikita/Labs/ROB/phys/ROB_top.sv Line: 21
    Info (15719): Pin "rsp_data[11]" is virtual output pin File: F:/Nikita/Labs/ROB/phys/ROB_top.sv Line: 21
    Info (15719): Pin "rsp_data[12]" is virtual output pin File: F:/Nikita/Labs/ROB/phys/ROB_top.sv Line: 21
    Info (15719): Pin "rsp_data[13]" is virtual output pin File: F:/Nikita/Labs/ROB/phys/ROB_top.sv Line: 21
    Info (15719): Pin "rsp_data[14]" is virtual output pin File: F:/Nikita/Labs/ROB/phys/ROB_top.sv Line: 21
    Info (15719): Pin "rsp_data[15]" is virtual output pin File: F:/Nikita/Labs/ROB/phys/ROB_top.sv Line: 21
    Info (15719): Pin "rsp_data[16]" is virtual output pin File: F:/Nikita/Labs/ROB/phys/ROB_top.sv Line: 21
    Info (15719): Pin "rsp_data[17]" is virtual output pin File: F:/Nikita/Labs/ROB/phys/ROB_top.sv Line: 21
    Info (15719): Pin "rsp_data[18]" is virtual output pin File: F:/Nikita/Labs/ROB/phys/ROB_top.sv Line: 21
    Info (15719): Pin "rsp_data[19]" is virtual output pin File: F:/Nikita/Labs/ROB/phys/ROB_top.sv Line: 21
    Info (15719): Pin "rsp_data[20]" is virtual output pin File: F:/Nikita/Labs/ROB/phys/ROB_top.sv Line: 21
    Info (15719): Pin "rsp_data[21]" is virtual output pin File: F:/Nikita/Labs/ROB/phys/ROB_top.sv Line: 21
    Info (15719): Pin "rsp_data[22]" is virtual output pin File: F:/Nikita/Labs/ROB/phys/ROB_top.sv Line: 21
    Info (15719): Pin "rsp_data[23]" is virtual output pin File: F:/Nikita/Labs/ROB/phys/ROB_top.sv Line: 21
    Info (15719): Pin "rsp_data[24]" is virtual output pin File: F:/Nikita/Labs/ROB/phys/ROB_top.sv Line: 21
    Info (15719): Pin "rsp_data[25]" is virtual output pin File: F:/Nikita/Labs/ROB/phys/ROB_top.sv Line: 21
    Info (15719): Pin "rsp_data[26]" is virtual output pin File: F:/Nikita/Labs/ROB/phys/ROB_top.sv Line: 21
    Info (15719): Pin "rsp_data[27]" is virtual output pin File: F:/Nikita/Labs/ROB/phys/ROB_top.sv Line: 21
    Info (15719): Pin "rsp_data[28]" is virtual output pin File: F:/Nikita/Labs/ROB/phys/ROB_top.sv Line: 21
    Info (15719): Pin "rsp_data[29]" is virtual output pin File: F:/Nikita/Labs/ROB/phys/ROB_top.sv Line: 21
    Info (15719): Pin "rsp_data[30]" is virtual output pin File: F:/Nikita/Labs/ROB/phys/ROB_top.sv Line: 21
    Info (15719): Pin "rsp_data[31]" is virtual output pin File: F:/Nikita/Labs/ROB/phys/ROB_top.sv Line: 21
    Info (15719): Pin "rsp_ID[0]" is virtual output pin File: F:/Nikita/Labs/ROB/phys/ROB_top.sv Line: 22
    Info (15719): Pin "rsp_ID[1]" is virtual output pin File: F:/Nikita/Labs/ROB/phys/ROB_top.sv Line: 22
    Info (15719): Pin "rsp_ID[2]" is virtual output pin File: F:/Nikita/Labs/ROB/phys/ROB_top.sv Line: 22
    Info (15719): Pin "rsp_ID[3]" is virtual output pin File: F:/Nikita/Labs/ROB/phys/ROB_top.sv Line: 22
    Info (15719): Pin "rsp_ID[4]" is virtual output pin File: F:/Nikita/Labs/ROB/phys/ROB_top.sv Line: 22
    Info (15719): Pin "rsp_ID[5]" is virtual output pin File: F:/Nikita/Labs/ROB/phys/ROB_top.sv Line: 22
    Info (15719): Pin "rsp_ID[6]" is virtual output pin File: F:/Nikita/Labs/ROB/phys/ROB_top.sv Line: 22
    Info (15719): Pin "rsp_ID[7]" is virtual output pin File: F:/Nikita/Labs/ROB/phys/ROB_top.sv Line: 22
    Info (15719): Pin "rsp_param[0]" is virtual output pin File: F:/Nikita/Labs/ROB/phys/ROB_top.sv Line: 23
    Info (15719): Pin "rsp_param[1]" is virtual output pin File: F:/Nikita/Labs/ROB/phys/ROB_top.sv Line: 23
    Info (15719): Pin "rsp_param[2]" is virtual output pin File: F:/Nikita/Labs/ROB/phys/ROB_top.sv Line: 23
    Info (15719): Pin "rsp_param[3]" is virtual output pin File: F:/Nikita/Labs/ROB/phys/ROB_top.sv Line: 23
    Info (15719): Pin "rsp_param[4]" is virtual output pin File: F:/Nikita/Labs/ROB/phys/ROB_top.sv Line: 23
    Info (15719): Pin "mem_req_val" is virtual output pin File: F:/Nikita/Labs/ROB/phys/ROB_top.sv Line: 26
    Info (15719): Pin "mem_req_addr[0]" is virtual output pin File: F:/Nikita/Labs/ROB/phys/ROB_top.sv Line: 27
    Info (15719): Pin "mem_req_addr[1]" is virtual output pin File: F:/Nikita/Labs/ROB/phys/ROB_top.sv Line: 27
    Info (15719): Pin "mem_req_addr[2]" is virtual output pin File: F:/Nikita/Labs/ROB/phys/ROB_top.sv Line: 27
    Info (15719): Pin "mem_req_addr[3]" is virtual output pin File: F:/Nikita/Labs/ROB/phys/ROB_top.sv Line: 27
    Info (15719): Pin "mem_req_addr[4]" is virtual output pin File: F:/Nikita/Labs/ROB/phys/ROB_top.sv Line: 27
    Info (15719): Pin "mem_req_addr[5]" is virtual output pin File: F:/Nikita/Labs/ROB/phys/ROB_top.sv Line: 27
    Info (15719): Pin "mem_req_addr[6]" is virtual output pin File: F:/Nikita/Labs/ROB/phys/ROB_top.sv Line: 27
    Info (15719): Pin "mem_req_addr[7]" is virtual output pin File: F:/Nikita/Labs/ROB/phys/ROB_top.sv Line: 27
    Info (15719): Pin "mem_req_addr[8]" is virtual output pin File: F:/Nikita/Labs/ROB/phys/ROB_top.sv Line: 27
    Info (15719): Pin "mem_req_addr[9]" is virtual output pin File: F:/Nikita/Labs/ROB/phys/ROB_top.sv Line: 27
    Info (15719): Pin "mem_req_ID[0]" is virtual output pin File: F:/Nikita/Labs/ROB/phys/ROB_top.sv Line: 28
    Info (15719): Pin "mem_req_ID[1]" is virtual output pin File: F:/Nikita/Labs/ROB/phys/ROB_top.sv Line: 28
    Info (15719): Pin "mem_req_ID[2]" is virtual output pin File: F:/Nikita/Labs/ROB/phys/ROB_top.sv Line: 28
    Info (15719): Pin "mem_req_ID[3]" is virtual output pin File: F:/Nikita/Labs/ROB/phys/ROB_top.sv Line: 28
    Info (15718): Pin "req_val" is virtual input pin File: F:/Nikita/Labs/ROB/phys/ROB_top.sv Line: 14
    Info (15718): Pin "rsp_ready" is virtual input pin File: F:/Nikita/Labs/ROB/phys/ROB_top.sv Line: 24
    Info (15718): Pin "rst_" is virtual input pin File: F:/Nikita/Labs/ROB/phys/ROB_top.sv Line: 12
    Info (15718): Pin "req_addr[0]" is virtual input pin File: F:/Nikita/Labs/ROB/phys/ROB_top.sv Line: 15
    Info (15718): Pin "req_addr[1]" is virtual input pin File: F:/Nikita/Labs/ROB/phys/ROB_top.sv Line: 15
    Info (15718): Pin "req_addr[2]" is virtual input pin File: F:/Nikita/Labs/ROB/phys/ROB_top.sv Line: 15
    Info (15718): Pin "req_addr[3]" is virtual input pin File: F:/Nikita/Labs/ROB/phys/ROB_top.sv Line: 15
    Info (15718): Pin "req_addr[4]" is virtual input pin File: F:/Nikita/Labs/ROB/phys/ROB_top.sv Line: 15
    Info (15718): Pin "req_addr[5]" is virtual input pin File: F:/Nikita/Labs/ROB/phys/ROB_top.sv Line: 15
    Info (15718): Pin "req_addr[6]" is virtual input pin File: F:/Nikita/Labs/ROB/phys/ROB_top.sv Line: 15
    Info (15718): Pin "req_addr[7]" is virtual input pin File: F:/Nikita/Labs/ROB/phys/ROB_top.sv Line: 15
    Info (15718): Pin "req_addr[8]" is virtual input pin File: F:/Nikita/Labs/ROB/phys/ROB_top.sv Line: 15
    Info (15718): Pin "req_addr[9]" is virtual input pin File: F:/Nikita/Labs/ROB/phys/ROB_top.sv Line: 15
    Info (15718): Pin "mem_rsp_data[0]" is virtual input pin File: F:/Nikita/Labs/ROB/phys/ROB_top.sv Line: 35
    Info (15718): Pin "mem_rsp_val" is virtual input pin File: F:/Nikita/Labs/ROB/phys/ROB_top.sv Line: 30
    Info (15718): Pin "mem_rsp_ID[0]" is virtual input pin File: F:/Nikita/Labs/ROB/phys/ROB_top.sv Line: 31
    Info (15718): Pin "mem_rsp_ID[1]" is virtual input pin File: F:/Nikita/Labs/ROB/phys/ROB_top.sv Line: 31
    Info (15718): Pin "mem_rsp_ID[2]" is virtual input pin File: F:/Nikita/Labs/ROB/phys/ROB_top.sv Line: 31
    Info (15718): Pin "mem_rsp_ID[3]" is virtual input pin File: F:/Nikita/Labs/ROB/phys/ROB_top.sv Line: 31
    Info (15718): Pin "mem_rsp_data[1]" is virtual input pin File: F:/Nikita/Labs/ROB/phys/ROB_top.sv Line: 35
    Info (15718): Pin "mem_rsp_data[2]" is virtual input pin File: F:/Nikita/Labs/ROB/phys/ROB_top.sv Line: 35
    Info (15718): Pin "mem_rsp_data[3]" is virtual input pin File: F:/Nikita/Labs/ROB/phys/ROB_top.sv Line: 35
    Info (15718): Pin "mem_rsp_data[4]" is virtual input pin File: F:/Nikita/Labs/ROB/phys/ROB_top.sv Line: 35
    Info (15718): Pin "mem_rsp_data[5]" is virtual input pin File: F:/Nikita/Labs/ROB/phys/ROB_top.sv Line: 35
    Info (15718): Pin "mem_rsp_data[6]" is virtual input pin File: F:/Nikita/Labs/ROB/phys/ROB_top.sv Line: 35
    Info (15718): Pin "mem_rsp_data[7]" is virtual input pin File: F:/Nikita/Labs/ROB/phys/ROB_top.sv Line: 35
    Info (15718): Pin "mem_rsp_data[8]" is virtual input pin File: F:/Nikita/Labs/ROB/phys/ROB_top.sv Line: 35
    Info (15718): Pin "mem_rsp_data[9]" is virtual input pin File: F:/Nikita/Labs/ROB/phys/ROB_top.sv Line: 35
    Info (15718): Pin "mem_rsp_data[10]" is virtual input pin File: F:/Nikita/Labs/ROB/phys/ROB_top.sv Line: 35
    Info (15718): Pin "mem_rsp_data[11]" is virtual input pin File: F:/Nikita/Labs/ROB/phys/ROB_top.sv Line: 35
    Info (15718): Pin "mem_rsp_data[12]" is virtual input pin File: F:/Nikita/Labs/ROB/phys/ROB_top.sv Line: 35
    Info (15718): Pin "mem_rsp_data[13]" is virtual input pin File: F:/Nikita/Labs/ROB/phys/ROB_top.sv Line: 35
    Info (15718): Pin "mem_rsp_data[14]" is virtual input pin File: F:/Nikita/Labs/ROB/phys/ROB_top.sv Line: 35
    Info (15718): Pin "mem_rsp_data[15]" is virtual input pin File: F:/Nikita/Labs/ROB/phys/ROB_top.sv Line: 35
    Info (15718): Pin "mem_rsp_data[16]" is virtual input pin File: F:/Nikita/Labs/ROB/phys/ROB_top.sv Line: 35
    Info (15718): Pin "mem_rsp_data[17]" is virtual input pin File: F:/Nikita/Labs/ROB/phys/ROB_top.sv Line: 35
    Info (15718): Pin "mem_rsp_data[18]" is virtual input pin File: F:/Nikita/Labs/ROB/phys/ROB_top.sv Line: 35
    Info (15718): Pin "mem_rsp_data[19]" is virtual input pin File: F:/Nikita/Labs/ROB/phys/ROB_top.sv Line: 35
    Info (15718): Pin "mem_rsp_data[20]" is virtual input pin File: F:/Nikita/Labs/ROB/phys/ROB_top.sv Line: 35
    Info (15718): Pin "mem_rsp_data[21]" is virtual input pin File: F:/Nikita/Labs/ROB/phys/ROB_top.sv Line: 35
    Info (15718): Pin "mem_rsp_data[22]" is virtual input pin File: F:/Nikita/Labs/ROB/phys/ROB_top.sv Line: 35
    Info (15718): Pin "mem_rsp_data[23]" is virtual input pin File: F:/Nikita/Labs/ROB/phys/ROB_top.sv Line: 35
    Info (15718): Pin "mem_rsp_data[24]" is virtual input pin File: F:/Nikita/Labs/ROB/phys/ROB_top.sv Line: 35
    Info (15718): Pin "mem_rsp_data[25]" is virtual input pin File: F:/Nikita/Labs/ROB/phys/ROB_top.sv Line: 35
    Info (15718): Pin "mem_rsp_data[26]" is virtual input pin File: F:/Nikita/Labs/ROB/phys/ROB_top.sv Line: 35
    Info (15718): Pin "mem_rsp_data[27]" is virtual input pin File: F:/Nikita/Labs/ROB/phys/ROB_top.sv Line: 35
    Info (15718): Pin "mem_rsp_data[28]" is virtual input pin File: F:/Nikita/Labs/ROB/phys/ROB_top.sv Line: 35
    Info (15718): Pin "mem_rsp_data[29]" is virtual input pin File: F:/Nikita/Labs/ROB/phys/ROB_top.sv Line: 35
    Info (15718): Pin "mem_rsp_data[30]" is virtual input pin File: F:/Nikita/Labs/ROB/phys/ROB_top.sv Line: 35
    Info (15718): Pin "mem_rsp_data[31]" is virtual input pin File: F:/Nikita/Labs/ROB/phys/ROB_top.sv Line: 35
    Info (15718): Pin "req_ID[0]" is virtual input pin File: F:/Nikita/Labs/ROB/phys/ROB_top.sv Line: 16
    Info (15718): Pin "req_ID[1]" is virtual input pin File: F:/Nikita/Labs/ROB/phys/ROB_top.sv Line: 16
    Info (15718): Pin "req_ID[2]" is virtual input pin File: F:/Nikita/Labs/ROB/phys/ROB_top.sv Line: 16
    Info (15718): Pin "req_ID[3]" is virtual input pin File: F:/Nikita/Labs/ROB/phys/ROB_top.sv Line: 16
    Info (15718): Pin "req_ID[4]" is virtual input pin File: F:/Nikita/Labs/ROB/phys/ROB_top.sv Line: 16
    Info (15718): Pin "req_ID[5]" is virtual input pin File: F:/Nikita/Labs/ROB/phys/ROB_top.sv Line: 16
    Info (15718): Pin "req_ID[6]" is virtual input pin File: F:/Nikita/Labs/ROB/phys/ROB_top.sv Line: 16
    Info (15718): Pin "req_ID[7]" is virtual input pin File: F:/Nikita/Labs/ROB/phys/ROB_top.sv Line: 16
    Info (15718): Pin "req_param[0]" is virtual input pin File: F:/Nikita/Labs/ROB/phys/ROB_top.sv Line: 17
    Info (15718): Pin "req_param[1]" is virtual input pin File: F:/Nikita/Labs/ROB/phys/ROB_top.sv Line: 17
    Info (15718): Pin "req_param[2]" is virtual input pin File: F:/Nikita/Labs/ROB/phys/ROB_top.sv Line: 17
    Info (15718): Pin "req_param[3]" is virtual input pin File: F:/Nikita/Labs/ROB/phys/ROB_top.sv Line: 17
    Info (15718): Pin "req_param[4]" is virtual input pin File: F:/Nikita/Labs/ROB/phys/ROB_top.sv Line: 17
Info (21057): Implemented 398 device resources after synthesis - the final resource count might be different
    Info (21058): Implemented 1 input pins
    Info (21059): Implemented 0 output pins
    Info (21061): Implemented 352 logic cells
    Info (21064): Implemented 45 RAM segments
Info: Quartus Prime Analysis & Synthesis was successful. 0 errors, 3 warnings
    Info: Peak virtual memory: 709 megabytes
    Info: Processing ended: Thu Apr 02 19:31:21 2020
    Info: Elapsed time: 00:00:09
    Info: Total CPU time (on all processors): 00:00:25


